<?xml version="1.0" encoding="UTF-8"?>
<testng-results skipped="0" failed="0" ignored="0" total="1" passed="1">
  <reporter-output>
  </reporter-output>
  <suite name="Default suite" duration-ms="7409" started-at="2020-07-26T09:56:51 EET" finished-at="2020-07-26T09:56:58 EET">
    <groups>
    </groups>
    <test name="Default test" duration-ms="7409" started-at="2020-07-26T09:56:51 EET" finished-at="2020-07-26T09:56:58 EET">
      <class name="FindingElements.ElementByID">
        <test-method status="PASS" signature="openUrl()[pri:0, instance:FindingElements.ElementByID@30b8a058]" name="openUrl" is-config="true" duration-ms="7273" started-at="2020-07-26T09:56:51 EET" finished-at="2020-07-26T09:56:58 EET">
          <reporter-output>
          </reporter-output>
        </test-method> <!-- openUrl -->
        <test-method status="PASS" signature="login()[pri:0, instance:FindingElements.ElementByID@30b8a058]" name="login" duration-ms="79" started-at="2020-07-26T09:56:58 EET" finished-at="2020-07-26T09:56:58 EET">
          <reporter-output>
          </reporter-output>
        </test-method> <!-- login -->
        <test-method status="PASS" signature="close()[pri:0, instance:FindingElements.ElementByID@30b8a058]" name="close" is-config="true" duration-ms="1" started-at="2020-07-26T09:56:58 EET" finished-at="2020-07-26T09:56:58 EET">
          <reporter-output>
          </reporter-output>
        </test-method> <!-- close -->
      </class> <!-- FindingElements.ElementByID -->
    </test> <!-- Default test -->
  </suite> <!-- Default suite -->
</testng-results>
