<?xml version="1.0" encoding="UTF-8"?>
<testng-results skipped="0" failed="0" ignored="0" total="1" passed="1">
  <reporter-output>
  </reporter-output>
  <suite name="Default suite" duration-ms="34047" started-at="2020-07-27T04:54:57 EET" finished-at="2020-07-27T04:55:31 EET">
    <groups>
    </groups>
    <test name="Default test" duration-ms="34047" started-at="2020-07-27T04:54:57 EET" finished-at="2020-07-27T04:55:31 EET">
      <class name="jenkins.testJenkins.AppTest">
        <test-method status="PASS" signature="openUrl()[pri:0, instance:jenkins.testJenkins.AppTest@30b8a058]" name="openUrl" is-config="true" duration-ms="33999" started-at="2020-07-27T04:54:57 EET" finished-at="2020-07-27T04:55:31 EET">
          <reporter-output>
          </reporter-output>
        </test-method> <!-- openUrl -->
        <test-method status="PASS" signature="shouldAnswerWithTrue()[pri:0, instance:jenkins.testJenkins.AppTest@30b8a058]" name="shouldAnswerWithTrue" duration-ms="6" started-at="2020-07-27T04:55:31 EET" finished-at="2020-07-27T04:55:31 EET">
          <reporter-output>
          </reporter-output>
        </test-method> <!-- shouldAnswerWithTrue -->
      </class> <!-- jenkins.testJenkins.AppTest -->
    </test> <!-- Default test -->
  </suite> <!-- Default suite -->
</testng-results>
